<?xml version="1.0" encoding="UTF-8"?>
<coverage generated="1773285987437" clover="3.2.0">
  <project timestamp="1773285987437" name="All files">
    <metrics statements="6" coveredstatements="6" conditionals="0" coveredconditionals="0" methods="3" coveredmethods="3" elements="9" coveredelements="9" complexity="0" loc="6" ncloc="6" packages="1" files="1" classes="1"/>
    <file name="Exp-9.jsx" path="C:\Users\Hp\OneDrive\Desktop\Sem -2\FED\Lab_Experiment\src\experiments\Exp-9.jsx">
      <metrics statements="6" coveredstatements="6" conditionals="0" coveredconditionals="0" methods="3" coveredmethods="3"/>
      <line num="4" count="3" type="stmt"/>
      <line num="5" count="3" type="stmt"/>
      <line num="7" count="3" type="stmt"/>
      <line num="8" count="1" type="stmt"/>
      <line num="11" count="3" type="stmt"/>
      <line num="16" count="9" type="stmt"/>
    </file>
  </project>
</coverage>
