<?xml version="1.0" encoding="UTF-8"?>
<coverage generated="1773285506490" clover="3.2.0">
  <project timestamp="1773285506490" name="All files">
    <metrics statements="13" coveredstatements="13" conditionals="0" coveredconditionals="0" methods="9" coveredmethods="9" elements="22" coveredelements="22" complexity="0" loc="13" ncloc="13" packages="1" files="2" classes="2"/>
    <file name="Exp-10.jsx" path="C:\Users\Hp\OneDrive\Desktop\Sem -2\FED\Lab_Experiment\src\experiments\Exp-10.jsx">
      <metrics statements="1" coveredstatements="1" conditionals="0" coveredconditionals="0" methods="1" coveredmethods="1"/>
      <line num="2" count="1" type="stmt"/>
    </file>
    <file name="Exp-9.jsx" path="C:\Users\Hp\OneDrive\Desktop\Sem -2\FED\Lab_Experiment\src\experiments\Exp-9.jsx">
      <metrics statements="12" coveredstatements="12" conditionals="0" coveredconditionals="0" methods="8" coveredmethods="8"/>
      <line num="6" count="9" type="stmt"/>
      <line num="13" count="1" type="stmt"/>
      <line num="24" count="3" type="stmt"/>
      <line num="30" count="9" type="stmt"/>
      <line num="44" count="3" type="stmt"/>
      <line num="46" count="3" type="stmt"/>
      <line num="59" count="3" type="stmt"/>
      <line num="61" count="3" type="stmt"/>
      <line num="67" count="3" type="stmt"/>
      <line num="68" count="1" type="stmt"/>
      <line num="71" count="3" type="stmt"/>
      <line num="102" count="2" type="stmt"/>
    </file>
  </project>
</coverage>
