{"C:\\Users\\Hp\\OneDrive\\Desktop\\Sem -2\\FED\\Lab_Experiment\\src\\experiments\\Exp-10.jsx": {"path":"C:\\Users\\Hp\\OneDrive\\Desktop\\Sem -2\\FED\\Lab_Experiment\\src\\experiments\\Exp-10.jsx","statementMap":{"0":{"start":{"line":2,"column":2},"end":{"line":7,"column":4}}},"fnMap":{"0":{"name":"Exp10","decl":{"start":{"line":1,"column":9},"end":{"line":1,"column":14}},"loc":{"start":{"line":1,"column":17},"end":{"line":8,"column":1}},"line":1}},"branchMap":{},"s":{"0":1},"f":{"0":1},"b":{},"_coverageSchema":"1a1c01bbd47fc00a2c39e90264f33305004495a9","hash":"fee76e36da9da2a7ceb905312035a32475a4092f"}
,"C:\\Users\\Hp\\OneDrive\\Desktop\\Sem -2\\FED\\Lab_Experiment\\src\\experiments\\Exp-9.jsx": {"path":"C:\\Users\\Hp\\OneDrive\\Desktop\\Sem -2\\FED\\Lab_Experiment\\src\\experiments\\Exp-9.jsx","statementMap":{"0":{"start":{"line":6,"column":2},"end":{"line":18,"column":4}},"1":{"start":{"line":13,"column":23},"end":{"line":13,"column":43}},"2":{"start":{"line":24,"column":2},"end":{"line":38,"column":4}},"3":{"start":{"line":30,"column":10},"end":{"line":34,"column":12}},"4":{"start":{"line":44,"column":16},"end":{"line":44,"column":63}},"5":{"start":{"line":44,"column":43},"end":{"line":44,"column":59}},"6":{"start":{"line":46,"column":2},"end":{"line":52,"column":4}},"7":{"start":{"line":59,"column":26},"end":{"line":59,"column":38}},"8":{"start":{"line":61,"column":19},"end":{"line":65,"column":3}},"9":{"start":{"line":67,"column":26},"end":{"line":69,"column":3}},"10":{"start":{"line":68,"column":4},"end":{"line":68,"column":32}},"11":{"start":{"line":71,"column":2},"end":{"line":94,"column":4}},"12":{"start":{"line":102,"column":15},"end":{"line":140,"column":1}}},"fnMap":{"0":{"name":"ProductCard","decl":{"start":{"line":5,"column":9},"end":{"line":5,"column":20}},"loc":{"start":{"line":5,"column":47},"end":{"line":19,"column":1}},"line":5},"1":{"name":"(anonymous_1)","decl":{"start":{"line":13,"column":17},"end":{"line":13,"column":18}},"loc":{"start":{"line":13,"column":23},"end":{"line":13,"column":43}},"line":13},"2":{"name":"ProductList","decl":{"start":{"line":23,"column":9},"end":{"line":23,"column":20}},"loc":{"start":{"line":23,"column":48},"end":{"line":39,"column":1}},"line":23},"3":{"name":"(anonymous_3)","decl":{"start":{"line":29,"column":22},"end":{"line":29,"column":23}},"loc":{"start":{"line":30,"column":10},"end":{"line":34,"column":12}},"line":30},"4":{"name":"CartSummary","decl":{"start":{"line":43,"column":9},"end":{"line":43,"column":20}},"loc":{"start":{"line":43,"column":31},"end":{"line":53,"column":1}},"line":43},"5":{"name":"(anonymous_5)","decl":{"start":{"line":44,"column":28},"end":{"line":44,"column":29}},"loc":{"start":{"line":44,"column":43},"end":{"line":44,"column":59}},"line":44},"6":{"name":"Exp9","decl":{"start":{"line":57,"column":9},"end":{"line":57,"column":13}},"loc":{"start":{"line":57,"column":16},"end":{"line":95,"column":1}},"line":57},"7":{"name":"(anonymous_7)","decl":{"start":{"line":67,"column":26},"end":{"line":67,"column":27}},"loc":{"start":{"line":67,"column":39},"end":{"line":69,"column":3}},"line":67}},"branchMap":{},"s":{"0":9,"1":1,"2":3,"3":9,"4":3,"5":1,"6":3,"7":3,"8":3,"9":3,"10":1,"11":3,"12":2},"f":{"0":9,"1":1,"2":3,"3":9,"4":3,"5":1,"6":3,"7":1},"b":{},"_coverageSchema":"1a1c01bbd47fc00a2c39e90264f33305004495a9","hash":"7a332bd7c0f764f3fee88baf98dc9642327dd3cd"}
}
