{"C:\\Users\\Hp\\OneDrive\\Desktop\\Sem -2\\FED\\Lab_Experiment\\src\\App.jsx": {"path":"C:\\Users\\Hp\\OneDrive\\Desktop\\Sem -2\\FED\\Lab_Experiment\\src\\App.jsx","statementMap":{"0":{"start":{"line":17,"column":2},"end":{"line":38,"column":4}}},"fnMap":{"0":{"name":"App","decl":{"start":{"line":16,"column":9},"end":{"line":16,"column":12}},"loc":{"start":{"line":16,"column":15},"end":{"line":39,"column":1}},"line":16}},"branchMap":{},"s":{"0":1},"f":{"0":1},"b":{},"_coverageSchema":"1a1c01bbd47fc00a2c39e90264f33305004495a9","hash":"971e011576dac57b6ed0eb4c8e5b9854e1943449"}
,"C:\\Users\\Hp\\OneDrive\\Desktop\\Sem -2\\FED\\Lab_Experiment\\src\\experiments\\Exp-10.jsx": {"path":"C:\\Users\\Hp\\OneDrive\\Desktop\\Sem -2\\FED\\Lab_Experiment\\src\\experiments\\Exp-10.jsx","statementMap":{"0":{"start":{"line":2,"column":2},"end":{"line":7,"column":4}}},"fnMap":{"0":{"name":"Exp10","decl":{"start":{"line":1,"column":9},"end":{"line":1,"column":14}},"loc":{"start":{"line":1,"column":17},"end":{"line":8,"column":1}},"line":1}},"branchMap":{},"s":{"0":1},"f":{"0":1},"b":{},"_coverageSchema":"1a1c01bbd47fc00a2c39e90264f33305004495a9","hash":"fee76e36da9da2a7ceb905312035a32475a4092f"}
}
