TN:
SF:src\experiments\Exp-10.jsx
FN:1,Exp10
FNF:1
FNH:1
FNDA:1,Exp10
DA:2,1
LF:1
LH:1
BRF:0
BRH:0
end_of_record
TN:
SF:src\experiments\Exp-9.jsx
FN:5,ProductCard
FN:13,(anonymous_1)
FN:23,ProductList
FN:29,(anonymous_3)
FN:43,CartSummary
FN:44,(anonymous_5)
FN:57,Exp9
FN:67,(anonymous_7)
FNF:8
FNH:8
FNDA:9,ProductCard
FNDA:1,(anonymous_1)
FNDA:3,ProductList
FNDA:9,(anonymous_3)
FNDA:3,CartSummary
FNDA:1,(anonymous_5)
FNDA:3,Exp9
FNDA:1,(anonymous_7)
DA:6,9
DA:13,1
DA:24,3
DA:30,9
DA:44,3
DA:46,3
DA:59,3
DA:61,3
DA:67,3
DA:68,1
DA:71,3
DA:102,2
LF:12
LH:12
BRF:0
BRH:0
end_of_record
